<?xml version="1.0" encoding="UTF-8"?>
<testng-results total="1" passed="1" failed="0" skipped="0">
  <reporter-output>
  </reporter-output>
  <suite started-at="2023-02-22T10:35:56Z" name="Default suite" finished-at="2023-02-22T10:36:34Z" duration-ms="37486">
    <groups>
    </groups>
    <test started-at="2023-02-22T10:35:56Z" name="Default test" finished-at="2023-02-22T10:36:34Z" duration-ms="37486">
      <class name="WikiTest">
        <test-method is-config="true" signature="setUpSuite()[pri:0, instance:WikiTest@15cafec7]" started-at="2023-02-22T16:05:55Z" name="setUpSuite" finished-at="2023-02-22T16:05:56Z" duration-ms="835" status="PASS">
          <reporter-output>
          </reporter-output>
        </test-method> <!-- setUpSuite -->
        <test-method signature="wikiTest()[pri:0, instance:WikiTest@15cafec7]" started-at="2023-02-22T16:05:56Z" name="wikiTest" finished-at="2023-02-22T16:06:33Z" duration-ms="37310" status="PASS">
          <reporter-output>
          </reporter-output>
        </test-method> <!-- wikiTest -->
      </class> <!-- WikiTest -->
    </test> <!-- Default test -->
  </suite> <!-- Default suite -->
</testng-results>
